[30-Oct-2023 18:04:26 UTC] PHP Fatal error:  Uncaught Error: Call to undefined function Elementor\Core\get_plugins() in C:\Users\aleks\Local Sites\janpiekarz\app\public\wp-content\plugins\elementor\core\wp-api.php:26
Stack trace:
#0 C:\Users\aleks\Local Sites\janpiekarz\app\public\wp-content\plugins\elementor\modules\compatibility-tag\base-module.php(96): Elementor\Core\Wp_Api->get_plugins()
#1 C:\Users\aleks\Local Sites\janpiekarz\app\public\wp-content\plugins\elementor\modules\compatibility-tag\base-module.php(58): Elementor\Modules\CompatibilityTag\Base_Module->get_plugins_with_header()
#2 C:\Users\aleks\Local Sites\janpiekarz\app\public\wp-content\plugins\elementor\modules\compatibility-tag\module.php(57): Elementor\Modules\CompatibilityTag\Base_Module->get_plugins_to_check()
#3 C:\Users\aleks\Local Sites\janpiekarz\app\public\wp-content\plugins\elementor\modules\compatibility-tag\base-module.php(148): Elementor\Modules\CompatibilityTag\Module->get_plugins_to_check()
#4 C:\Users\aleks\Local Sites\janpiekarz\app\public\wp-includes\class-wp-hook.php(310): Elementor\Modules\CompatibilityTag\Base_Module->Elementor\Modules\CompatibilityTag\{closure}('')
#5 C:\Users\aleks\Local Sites\janpiekarz\app\public\wp-includes\class-wp-hook.php(334): WP_Hook->apply_filters('', Array)
#6 C:\Users\aleks\Local Sites\janpiekarz\app\public\wp-includes\plugin.php(517): WP_Hook->do_action(Array)
#7 C:\Users\aleks\Local Sites\janpiekarz\app\public\wp-content\plugins\elementor\modules\system-info\module.php(340): do_action('elementor/syste...')
#8 C:\Users\aleks\Local Sites\janpiekarz\app\public\wp-content\plugins\elementor\includes\tracker.php(241): Elementor\Modules\System_Info\Module::get_allowed_reports()
#9 C:\Users\aleks\Local Sites\janpiekarz\app\public\wp-content\plugins\elementor\includes\tracker.php(530): Elementor\Tracker::get_system_reports_data()
#10 C:\Users\aleks\Local Sites\janpiekarz\app\public\wp-content\plugins\elementor\includes\tracker.php(141): Elementor\Tracker::get_tracking_data(false)
#11 C:\Users\aleks\Local Sites\janpiekarz\app\public\wp-includes\class-wp-hook.php(310): Elementor\Tracker::send_tracking_data()
#12 C:\Users\aleks\Local Sites\janpiekarz\app\public\wp-includes\class-wp-hook.php(334): WP_Hook->apply_filters('', Array)
#13 C:\Users\aleks\Local Sites\janpiekarz\app\public\wp-includes\plugin.php(565): WP_Hook->do_action(Array)
#14 C:\Users\aleks\Local Sites\janpiekarz\app\public\wp-cron.php(191): do_action_ref_array('elementor/track...', Array)
#15 {main}
  thrown in C:\Users\aleks\Local Sites\janpiekarz\app\public\wp-content\plugins\elementor\core\wp-api.php on line 26
[08-Nov-2023 16:58:55 UTC] PHP Fatal error:  Uncaught Error: Call to undefined function Elementor\Core\get_plugins() in C:\Users\aleks\Local Sites\janpiekarz\app\public\wp-content\plugins\elementor\core\wp-api.php:26
Stack trace:
#0 C:\Users\aleks\Local Sites\janpiekarz\app\public\wp-content\plugins\elementor\modules\compatibility-tag\base-module.php(96): Elementor\Core\Wp_Api->get_plugins()
#1 C:\Users\aleks\Local Sites\janpiekarz\app\public\wp-content\plugins\elementor\modules\compatibility-tag\base-module.php(58): Elementor\Modules\CompatibilityTag\Base_Module->get_plugins_with_header()
#2 C:\Users\aleks\Local Sites\janpiekarz\app\public\wp-content\plugins\elementor\modules\compatibility-tag\module.php(57): Elementor\Modules\CompatibilityTag\Base_Module->get_plugins_to_check()
#3 C:\Users\aleks\Local Sites\janpiekarz\app\public\wp-content\plugins\elementor\modules\compatibility-tag\base-module.php(148): Elementor\Modules\CompatibilityTag\Module->get_plugins_to_check()
#4 C:\Users\aleks\Local Sites\janpiekarz\app\public\wp-includes\class-wp-hook.php(310): Elementor\Modules\CompatibilityTag\Base_Module->Elementor\Modules\CompatibilityTag\{closure}('')
#5 C:\Users\aleks\Local Sites\janpiekarz\app\public\wp-includes\class-wp-hook.php(334): WP_Hook->apply_filters('', Array)
#6 C:\Users\aleks\Local Sites\janpiekarz\app\public\wp-includes\plugin.php(517): WP_Hook->do_action(Array)
#7 C:\Users\aleks\Local Sites\janpiekarz\app\public\wp-content\plugins\elementor\modules\system-info\module.php(340): do_action('elementor/syste...')
#8 C:\Users\aleks\Local Sites\janpiekarz\app\public\wp-content\plugins\elementor\includes\tracker.php(241): Elementor\Modules\System_Info\Module::get_allowed_reports()
#9 C:\Users\aleks\Local Sites\janpiekarz\app\public\wp-content\plugins\elementor\includes\tracker.php(530): Elementor\Tracker::get_system_reports_data()
#10 C:\Users\aleks\Local Sites\janpiekarz\app\public\wp-content\plugins\elementor\includes\tracker.php(141): Elementor\Tracker::get_tracking_data(false)
#11 C:\Users\aleks\Local Sites\janpiekarz\app\public\wp-includes\class-wp-hook.php(310): Elementor\Tracker::send_tracking_data()
#12 C:\Users\aleks\Local Sites\janpiekarz\app\public\wp-includes\class-wp-hook.php(334): WP_Hook->apply_filters('', Array)
#13 C:\Users\aleks\Local Sites\janpiekarz\app\public\wp-includes\plugin.php(565): WP_Hook->do_action(Array)
#14 C:\Users\aleks\Local Sites\janpiekarz\app\public\wp-cron.php(191): do_action_ref_array('elementor/track...', Array)
#15 {main}
  thrown in C:\Users\aleks\Local Sites\janpiekarz\app\public\wp-content\plugins\elementor\core\wp-api.php on line 26
